[debug] [2024-10-22T10:57:04.314Z] ----------------------------------------------------------------------
[debug] [2024-10-22T10:57:04.316Z] Command:       C:\Program Files\nodejs\node.exe C:\Program Files\nodejs\node_modules\firebase-tools\lib\bin\firebase.js init
[debug] [2024-10-22T10:57:04.317Z] CLI Version:   13.22.1
[debug] [2024-10-22T10:57:04.317Z] Platform:      win32
[debug] [2024-10-22T10:57:04.317Z] Node Version:  v22.6.0
[debug] [2024-10-22T10:57:04.317Z] Time:          Tue Oct 22 2024 16:27:04 GMT+0530 (India Standard Time)
[debug] [2024-10-22T10:57:04.317Z] ----------------------------------------------------------------------
[debug] 
[debug] [2024-10-22T10:57:04.320Z] >>> [apiv2][query] GET https://firebase-public.firebaseio.com/cli.json [none]
[debug] [2024-10-22T10:57:04.368Z] > command requires scopes: ["email","openid","https://www.googleapis.com/auth/cloudplatformprojects.readonly","https://www.googleapis.com/auth/firebase","https://www.googleapis.com/auth/cloud-platform"]
[debug] [2024-10-22T10:57:04.369Z] > authorizing via signed-in user (techtrinitydjsce@gmail.com)
[info] 
     ######## #### ########  ######## ########     ###     ######  ########
     ##        ##  ##     ## ##       ##     ##  ##   ##  ##       ##
     ######    ##  ########  ######   ########  #########  ######  ######
     ##        ##  ##    ##  ##       ##     ## ##     ##       ## ##
     ##       #### ##     ## ######## ########  ##     ##  ######  ########

You're about to initialize a Firebase project in this directory:

  C:\Dharmil\trinity\trinity-website-main

Before we get started, keep in mind:

  * You are currently outside your home directory

[debug] [2024-10-22T10:57:05.524Z] <<< [apiv2][status] GET https://firebase-public.firebaseio.com/cli.json 200
[debug] [2024-10-22T10:57:05.524Z] <<< [apiv2][body] GET https://firebase-public.firebaseio.com/cli.json {"cloudBuildErrorAfter":1594252800000,"cloudBuildWarnAfter":1590019200000,"defaultNode10After":1594252800000,"minVersion":"3.0.5","node8DeploysDisabledAfter":1613390400000,"node8RuntimeDisabledAfter":1615809600000,"node8WarnAfter":1600128000000}
